This is XeTeX, Version 3.141592653-2.6-0.999995 (MiKTeX 23.5) (preloaded format=xelatex 2023.5.22)  25 MAY 2023 13:09
entering extended mode
 restricted \write18 enabled.
 %&-line parsing enabled.
**./main.tex
(main.tex
LaTeX2e <2022-11-01> patch level 1
L3 programming layer <2023-05-15> (setup.tex
(C:\Program Files\MiKTeX\tex/latex/base\article.cls
Document Class: article 2022/07/02 v1.4n Standard LaTeX document class
(C:\Program Files\MiKTeX\tex/latex/base\size10.clo
File: size10.clo 2022/07/02 v1.4n Standard LaTeX file (size option)
)
\c@part=\count181
\c@section=\count182
\c@subsection=\count183
\c@subsubsection=\count184
\c@paragraph=\count185
\c@subparagraph=\count186
\c@figure=\count187
\c@table=\count188
\abovecaptionskip=\skip48
\belowcaptionskip=\skip49
\bibindent=\dimen140
)
(C:\Users\rodri\AppData\Roaming\MiKTeX\tex/latex/extsizes\extsizes.sty
Package: extsizes 1996/10/08 v1.0 Non Standard LaTeX Package


Package ExtSizes Warning: It is better to use one of the extsizes classes,
 if you can.

(C:\Users\rodri\AppData\Roaming\MiKTeX\tex/latex/extsizes\size14.clo
File: size14.clo 1999/11/11 v1.4a NON-Standard LaTeX file (size option)
))
(C:\Users\rodri\AppData\Roaming\MiKTeX\tex/latex/cmap\cmap.sty
Package: cmap 2021/02/06 v1.0j CMap support: searchable PDF


Package cmap Warning: pdftex not detected - exiting.

) (C:\Program Files\MiKTeX\tex/latex/base\fontenc.sty
Package: fontenc 2021/04/29 v2.0v Standard LaTeX package

(C:\Users\rodri\AppData\Roaming\MiKTeX\tex/latex/cyrillic\t2aenc.def
File: t2aenc.def 2022/06/11 v1.0j Cyrillic encoding definition file
)
LaTeX Font Info:    Trying to load font information for T2A+lmr on input line 1
12.
LaTeX Font Info:    No file T2Almr.fd. on input line 112.
LaTeX Font Info:    Trying to load font information for T2A+cmr on input line 1
12.

(C:\Users\rodri\AppData\Roaming\MiKTeX\tex/latex/cyrillic\t2acmr.fd
File: t2acmr.fd 2001/08/11 v1.0a Computer Modern Cyrillic font definitions
)

LaTeX Font Warning: Font shape `T2A/lmr/m/n' undefined
(Font)              using `T2A/cmr/m/n' instead on input line 112.

) (C:\Program Files\MiKTeX\tex/latex/base\inputenc.sty
Package: inputenc 2021/02/14 v1.3d Input encoding file
\inpenc@prehook=\toks16
\inpenc@posthook=\toks17


Package inputenc Warning: inputenc package ignored with utf8 based engines.

) (C:\Program Files\MiKTeX\tex/generic/babel\babel.sty
Package: babel 2023/05/11 v3.89 The Babel package
\babel@savecnt=\count189
\U@D=\dimen141
\l@unhyphenated=\language79

(C:\Program Files\MiKTeX\tex/generic/babel\xebabel.def)
\bbl@readstream=\read2
\bbl@dirlevel=\count190

*************************************
* Local config file bblopts.cfg used
*
(C:\Program Files\MiKTeX\tex/latex/arabi\bblopts.cfg
File: bblopts.cfg 2005/09/08 v0.1 add Arabic and Farsi to "declared" options of
 babel
)
(C:\Program Files\MiKTeX\tex/latex/babel-english\english.ldf
Language: english 2017/06/06 v3.3r English support from the babel system
Package babel Info: Hyphen rules for 'canadian' set to \l@english
(babel)             (\language0). Reported on input line 102.
Package babel Info: Hyphen rules for 'australian' set to \l@ukenglish
(babel)             (\language73). Reported on input line 105.
Package babel Info: Hyphen rules for 'newzealand' set to \l@ukenglish
(babel)             (\language73). Reported on input line 108.
)
(C:\Users\rodri\AppData\Roaming\MiKTeX\tex/latex/babel-russian\russianb.ldf
File: russianb.ldf 2021/01/10 1.3m Russian support for the Babel system
Language: russian 2020/09/09 1.3k Russian support for the Babel system
Package babel Info: Making " an active character on input line 124.
Package babel Info: Default for \cyrdash is provided on input line 163.
))
(C:\Program Files\MiKTeX\tex/generic/babel/locale/ru\babel-russian.tex
Package babel Info: Importing font and identification data for russian
(babel)             from babel-ru.ini. Reported on input line 11.
)
(C:\Program Files\MiKTeX\tex/generic/babel/locale/en\babel-english.tex
Package babel Info: Importing font and identification data for english
(babel)             from babel-en.ini. Reported on input line 11.
)
(C:\Program Files\MiKTeX\tex/latex/graphics\graphicx.sty
Package: graphicx 2021/09/16 v1.2d Enhanced LaTeX Graphics (DPC,SPQR)

(C:\Program Files\MiKTeX\tex/latex/graphics\keyval.sty
Package: keyval 2022/05/29 v1.15 key=value parser (DPC)
\KV@toks@=\toks18
)
(C:\Program Files\MiKTeX\tex/latex/graphics\graphics.sty
Package: graphics 2022/03/10 v1.4e Standard LaTeX Graphics (DPC,SPQR)

(C:\Program Files\MiKTeX\tex/latex/graphics\trig.sty
Package: trig 2021/08/11 v1.11 sin cos tan (DPC)
)
(C:\Program Files\MiKTeX\tex/latex/graphics-cfg\graphics.cfg
File: graphics.cfg 2016/06/04 v1.11 sample graphics configuration
)
Package graphics Info: Driver file: xetex.def on input line 107.

(C:\Program Files\MiKTeX\tex/latex/graphics-def\xetex.def
File: xetex.def 2022/09/22 v5.0n Graphics/color driver for xetex
))
\Gin@req@height=\dimen142
\Gin@req@width=\dimen143
)
(C:\Program Files\MiKTeX\tex/latex/fontspec\fontspec.sty
(C:\Program Files\MiKTeX\tex/latex/l3packages/xparse\xparse.sty
(C:\Program Files\MiKTeX\tex/latex/l3kernel\expl3.sty
Package: expl3 2023-05-15 L3 programming layer (loader) 

(C:\Program Files\MiKTeX\tex/latex/l3backend\l3backend-xetex.def
File: l3backend-xetex.def 2023-04-19 L3 backend support: XeTeX
\g__graphics_track_int=\count191
\l__pdf_internal_box=\box51
\g__pdf_backend_object_int=\count192
\g__pdf_backend_annotation_int=\count193
\g__pdf_backend_link_int=\count194
))
Package: xparse 2023-02-02 L3 Experimental document command parser
)
Package: fontspec 2022/01/15 v2.8a Font selection for XeLaTeX and LuaLaTeX

(C:\Program Files\MiKTeX\tex/latex/fontspec\fontspec-xetex.sty
Package: fontspec-xetex 2022/01/15 v2.8a Font selection for XeLaTeX and LuaLaTe
X
\l__fontspec_script_int=\count195
\l__fontspec_language_int=\count196
\l__fontspec_strnum_int=\count197
\l__fontspec_tmp_int=\count198
\l__fontspec_tmpa_int=\count199
\l__fontspec_tmpb_int=\count266
\l__fontspec_tmpc_int=\count267
\l__fontspec_em_int=\count268
\l__fontspec_emdef_int=\count269
\l__fontspec_strong_int=\count270
\l__fontspec_strongdef_int=\count271
\l__fontspec_tmpa_dim=\dimen144
\l__fontspec_tmpb_dim=\dimen145
\l__fontspec_tmpc_dim=\dimen146

(C:\Program Files\MiKTeX\tex/latex/base\fontenc.sty
Package: fontenc 2021/04/29 v2.0v Standard LaTeX package
)
(C:\Program Files\MiKTeX\tex/latex/fontspec\fontspec.cfg)))

Package fontspec Info: Font family 'TimesNewRoman(0)' created for font 'Times
(fontspec)             New Roman' with options [Ligatures=TeX].
(fontspec)              
(fontspec)              This font family consists of the following NFSS
(fontspec)             series/shapes:
(fontspec)              
(fontspec)             - 'normal' (m/n) with NFSS spec.: <->"Times New
(fontspec)             Roman/OT:script=latn;language=dflt;mapping=tex-text;"
(fontspec)             - 'small caps'  (m/sc) with NFSS spec.: <->"Times New
(fontspec)             Roman/OT:script=latn;language=dflt;+smcp;mapping=tex-tex
t;"
(fontspec)             - 'bold' (b/n) with NFSS spec.: <->"Times New
(fontspec)             Roman/B/OT:script=latn;language=dflt;mapping=tex-text;"
(fontspec)             - 'bold small caps'  (b/sc) with NFSS spec.: <->"Times
(fontspec)             New
(fontspec)             Roman/B/OT:script=latn;language=dflt;+smcp;mapping=tex-t
ext;"
(fontspec)             - 'italic' (m/it) with NFSS spec.: <->"Times New
(fontspec)             Roman/I/OT:script=latn;language=dflt;mapping=tex-text;"
(fontspec)             - 'italic small caps'  (m/scit) with NFSS spec.:
(fontspec)             <->"Times New
(fontspec)             Roman/I/OT:script=latn;language=dflt;+smcp;mapping=tex-t
ext;"
(fontspec)             - 'bold italic' (b/it) with NFSS spec.: <->"Times New
(fontspec)             Roman/BI/OT:script=latn;language=dflt;mapping=tex-text;"

(fontspec)             - 'bold italic small caps'  (b/scit) with NFSS spec.:
(fontspec)             <->"Times New
(fontspec)             Roman/BI/OT:script=latn;language=dflt;+smcp;mapping=tex-
text;"


(C:\Program Files\MiKTeX\tex/latex/tools\indentfirst.sty
Package: indentfirst 1995/11/23 v1.03 Indent first paragraph (DPC)
)
(C:\Users\rodri\AppData\Roaming\MiKTeX\tex/latex/geometry\geometry.sty
Package: geometry 2020/01/02 v5.9 Page Geometry

(C:\Program Files\MiKTeX\tex/generic/iftex\ifvtex.sty
Package: ifvtex 2019/10/25 v1.7 ifvtex legacy package. Use iftex instead.

(C:\Program Files\MiKTeX\tex/generic/iftex\iftex.sty
Package: iftex 2022/02/03 v1.0f TeX engine tests
))
\Gm@cnth=\count272
\Gm@cntv=\count273
\c@Gm@tempcnt=\count274
\Gm@bindingoffset=\dimen147
\Gm@wd@mp=\dimen148
\Gm@odd@mp=\dimen149
\Gm@even@mp=\dimen150
\Gm@layoutwidth=\dimen151
\Gm@layoutheight=\dimen152
\Gm@layouthoffset=\dimen153
\Gm@layoutvoffset=\dimen154
\Gm@dimlist=\toks19

(C:\Users\rodri\AppData\Roaming\MiKTeX\tex/latex/geometry\geometry.cfg))
(C:\Users\rodri\AppData\Roaming\MiKTeX\tex/latex/float\float.sty
Package: float 2001/11/08 v1.3d Float enhancements (AL)
\c@float@type=\count275
\float@exts=\toks20
\float@box=\box52
\@float@everytoks=\toks21
\@floatcapt=\box53
)
(C:\Users\rodri\AppData\Roaming\MiKTeX\tex/latex/nowidow\nowidow.sty
Package: nowidow 2011/09/20 1.0 Easily prevent widows and orphans
Package: nowidow 

(C:\Users\rodri\AppData\Roaming\MiKTeX\tex/latex/kvoptions\kvoptions.sty
Package: kvoptions 2022-06-15 v3.15 Key value format for package options (HO)

(C:\Users\rodri\AppData\Roaming\MiKTeX\tex/generic/ltxcmds\ltxcmds.sty
Package: ltxcmds 2020-05-10 v1.25 LaTeX kernel commands for general use (HO)
)
(C:\Users\rodri\AppData\Roaming\MiKTeX\tex/latex/kvsetkeys\kvsetkeys.sty
Package: kvsetkeys 2022-10-05 v1.19 Key value parser (HO)
)))
(C:\Program Files\MiKTeX\tex/latex/hyperref\hyperref.sty
Package: hyperref 2023-04-22 v7.00x Hypertext links for LaTeX

(C:\Program Files\MiKTeX\tex/generic/pdftexcmds\pdftexcmds.sty
Package: pdftexcmds 2020-06-27 v0.33 Utility functions of pdfTeX for LuaTeX (HO
)

(C:\Users\rodri\AppData\Roaming\MiKTeX\tex/generic/infwarerr\infwarerr.sty
Package: infwarerr 2019/12/03 v1.5 Providing info/warning/error messages (HO)
)
Package pdftexcmds Info: \pdf@primitive is available.
Package pdftexcmds Info: \pdf@ifprimitive is available.
Package pdftexcmds Info: \pdfdraftmode not found.
)
(C:\Users\rodri\AppData\Roaming\MiKTeX\tex/generic/kvdefinekeys\kvdefinekeys.st
y
Package: kvdefinekeys 2019-12-19 v1.6 Define keys (HO)
) (C:\Users\rodri\AppData\Roaming\MiKTeX\tex/generic/pdfescape\pdfescape.sty
Package: pdfescape 2019/12/09 v1.15 Implements pdfTeX's escape features (HO)
)
(C:\Users\rodri\AppData\Roaming\MiKTeX\tex/latex/hycolor\hycolor.sty
Package: hycolor 2020-01-27 v1.10 Color options for hyperref/bookmark (HO)
)
(C:\Users\rodri\AppData\Roaming\MiKTeX\tex/latex/letltxmacro\letltxmacro.sty
Package: letltxmacro 2019/12/03 v1.6 Let assignment for LaTeX macros (HO)
)
(C:\Users\rodri\AppData\Roaming\MiKTeX\tex/latex/auxhook\auxhook.sty
Package: auxhook 2019-12-17 v1.6 Hooks for auxiliary files (HO)
)
(C:\Program Files\MiKTeX\tex/latex/hyperref\nameref.sty
Package: nameref 2022-05-17 v2.50 Cross-referencing by name of section

(C:\Users\rodri\AppData\Roaming\MiKTeX\tex/latex/refcount\refcount.sty
Package: refcount 2019/12/15 v3.6 Data extraction from label references (HO)
)
(C:\Users\rodri\AppData\Roaming\MiKTeX\tex/generic/gettitlestring\gettitlestrin
g.sty
Package: gettitlestring 2019/12/15 v1.6 Cleanup title references (HO)
)
\c@section@level=\count276
) (C:\Program Files\MiKTeX\tex/latex/etoolbox\etoolbox.sty
Package: etoolbox 2020/10/05 v2.5k e-TeX tools for LaTeX (JAW)
\etb@tempcnta=\count277
)
\@linkdim=\dimen155
\Hy@linkcounter=\count278
\Hy@pagecounter=\count279

(C:\Program Files\MiKTeX\tex/latex/hyperref\pd1enc.def
File: pd1enc.def 2023-04-22 v7.00x Hyperref: PDFDocEncoding definition (HO)
)
(C:\Users\rodri\AppData\Roaming\MiKTeX\tex/generic/intcalc\intcalc.sty
Package: intcalc 2019/12/15 v1.3 Expandable calculations with integers (HO)
)
\Hy@SavedSpaceFactor=\count280

(C:\Program Files\MiKTeX\tex/latex/hyperref\puenc.def
File: puenc.def 2023-04-22 v7.00x Hyperref: PDF Unicode definition (HO)
)
Package hyperref Info: Option `unicode' set `true' on input line 3168.
Package hyperref Info: Hyper figures OFF on input line 4182.
Package hyperref Info: Link nesting OFF on input line 4187.
Package hyperref Info: Hyper index ON on input line 4190.
Package hyperref Info: Plain pages OFF on input line 4197.
Package hyperref Info: Backreferencing OFF on input line 4202.
Package hyperref Info: Implicit mode ON; LaTeX internals redefined.
Package hyperref Info: Bookmarks ON on input line 4449.
\c@Hy@tempcnt=\count281

(C:\Program Files\MiKTeX\tex/latex/url\url.sty
\Urlmuskip=\muskip16
Package: url 2013/09/16  ver 3.4  Verb mode for urls, etc.
)
LaTeX Info: Redefining \url on input line 4787.
\XeTeXLinkMargin=\dimen156

(C:\Users\rodri\AppData\Roaming\MiKTeX\tex/generic/bitset\bitset.sty
Package: bitset 2019/12/09 v1.3 Handle bit-vector datatype (HO)

(C:\Users\rodri\AppData\Roaming\MiKTeX\tex/generic/bigintcalc\bigintcalc.sty
Package: bigintcalc 2019/12/15 v1.5 Expandable calculations on big integers (HO
)
))
\Fld@menulength=\count282
\Field@Width=\dimen157
\Fld@charsize=\dimen158
Package hyperref Info: Hyper figures OFF on input line 6066.
Package hyperref Info: Link nesting OFF on input line 6071.
Package hyperref Info: Hyper index ON on input line 6074.
Package hyperref Info: backreferencing OFF on input line 6081.
Package hyperref Info: Link coloring OFF on input line 6086.
Package hyperref Info: Link coloring with OCG OFF on input line 6091.
Package hyperref Info: PDF/A mode OFF on input line 6096.

(C:\Program Files\MiKTeX\tex/latex/base\atbegshi-ltx.sty
Package: atbegshi-ltx 2021/01/10 v1.0c Emulation of the original atbegshi
package with kernel methods
)
\Hy@abspage=\count283
\c@Item=\count284
\c@Hfootnote=\count285
)
Package hyperref Info: Driver (autodetected): hxetex.

(C:\Program Files\MiKTeX\tex/latex/hyperref\hxetex.def
File: hxetex.def 2023-04-22 v7.00x Hyperref driver for XeTeX

(C:\Users\rodri\AppData\Roaming\MiKTeX\tex/generic/stringenc\stringenc.sty
Package: stringenc 2019/11/29 v1.12 Convert strings between diff. encodings (HO
)
)
\pdfm@box=\box54
\c@Hy@AnnotLevel=\count286
\HyField@AnnotCount=\count287
\Fld@listcount=\count288
\c@bookmark@seq@number=\count289

(C:\Users\rodri\AppData\Roaming\MiKTeX\tex/latex/rerunfilecheck\rerunfilecheck.
sty
Package: rerunfilecheck 2022-07-10 v1.10 Rerun checks for auxiliary files (HO)
 (C:\Program Files\MiKTeX\tex/latex/base\atveryend-ltx.sty
Package: atveryend-ltx 2020/08/19 v1.0a Emulation of the original atveryend pac
kage
with kernel methods
)
(C:\Users\rodri\AppData\Roaming\MiKTeX\tex/generic/uniquecounter\uniquecounter.
sty
Package: uniquecounter 2019/12/15 v1.4 Provide unlimited unique counter (HO)
)
Package uniquecounter Info: New unique counter `rerunfilecheck' on input line 2
85.
)
\Hy@SectionHShift=\skip50
) (C:\Program Files\MiKTeX\tex/latex/tools\longtable.sty
Package: longtable 2021-09-01 v4.17 Multi-page Table package (DPC)
\LTleft=\skip51
\LTright=\skip52
\LTpre=\skip53
\LTpost=\skip54
\LTchunksize=\count290
\LTcapwidth=\dimen159
\LT@head=\box55
\LT@firsthead=\box56
\LT@foot=\box57
\LT@lastfoot=\box58
\LT@gbox=\box59
\LT@cols=\count291
\LT@rows=\count292
\c@LT@tables=\count293
\c@LT@chunks=\count294
\LT@p@ftn=\toks22
)
(C:\Users\rodri\AppData\Roaming\MiKTeX\tex/latex/caption\caption.sty
Package: caption 2023/03/12 v3.6j Customizing captions (AR)

(C:\Users\rodri\AppData\Roaming\MiKTeX\tex/latex/caption\caption3.sty
Package: caption3 2023/03/12 v2.4 caption3 kernel (AR)
\caption@tempdima=\dimen160
\captionmargin=\dimen161
\caption@leftmargin=\dimen162
\caption@rightmargin=\dimen163
\caption@width=\dimen164
\caption@indent=\dimen165
\caption@parindent=\dimen166
\caption@hangindent=\dimen167
Package caption Info: Standard document class detected.
)
\c@caption@flags=\count295
\c@continuedfloat=\count296
Package caption Info: float package is loaded.
Package caption Info: hyperref package is loaded.
Package caption Info: longtable package is loaded.

(C:\Users\rodri\AppData\Roaming\MiKTeX\tex/latex/caption\ltcaption.sty
Package: ltcaption 2021/01/08 v1.4c longtable captions (AR)
))
(C:\Users\rodri\AppData\Roaming\MiKTeX\tex/latex/titlesec\titlesec.sty
Package: titlesec 2021/07/05 v2.14 Sectioning titles
\ttl@box=\box60
\beforetitleunit=\skip55
\aftertitleunit=\skip56
\ttl@plus=\dimen168
\ttl@minus=\dimen169
\ttl@toksa=\toks23
\titlewidth=\dimen170
\titlewidthlast=\dimen171
\titlewidthfirst=\dimen172
)
(C:\Program Files\MiKTeX\tex/latex/tools\array.sty
Package: array 2022/09/04 v2.5g Tabular extension package (FMi)
\col@sep=\dimen173
\ar@mcellbox=\box61
\extrarowheight=\dimen174
\NC@list=\toks24
\extratabsurround=\skip57
\backup@length=\skip58
\ar@cellbox=\box62
)
(C:\Users\rodri\AppData\Roaming\MiKTeX\tex/latex/enumitem\enumitem.sty
Package: enumitem 2019/06/20 v3.9 Customized lists
\labelindent=\skip59
\enit@outerparindent=\dimen175
\enit@toks=\toks25
\enit@inbox=\box63
\enit@count@id=\count297
\enitdp@description=\count298
)
(C:\Users\rodri\AppData\Roaming\MiKTeX\tex/latex/tocloft\tocloft.sty
Package: tocloft 2017/08/31 v2.3i parameterised ToC, etc., typesetting
Package tocloft Info: The document has section divisions on input line 51.
\cftparskip=\skip60
\cftbeforetoctitleskip=\skip61
\cftaftertoctitleskip=\skip62
\cftbeforepartskip=\skip63
\cftpartnumwidth=\skip64
\cftpartindent=\skip65
\cftbeforesecskip=\skip66
\cftsecindent=\skip67
\cftsecnumwidth=\skip68
\cftbeforesubsecskip=\skip69
\cftsubsecindent=\skip70
\cftsubsecnumwidth=\skip71
\cftbeforesubsubsecskip=\skip72
\cftsubsubsecindent=\skip73
\cftsubsubsecnumwidth=\skip74
\cftbeforeparaskip=\skip75
\cftparaindent=\skip76
\cftparanumwidth=\skip77
\cftbeforesubparaskip=\skip78
\cftsubparaindent=\skip79
\cftsubparanumwidth=\skip80
\cftbeforeloftitleskip=\skip81
\cftafterloftitleskip=\skip82
\cftbeforefigskip=\skip83
\cftfigindent=\skip84
\cftfignumwidth=\skip85
\c@lofdepth=\count299
\c@lotdepth=\count300
\cftbeforelottitleskip=\skip86
\cftafterlottitleskip=\skip87
\cftbeforetabskip=\skip88
\cfttabindent=\skip89
\cfttabnumwidth=\skip90
))
(main.aux

LaTeX Warning: Label `data:image' multiply defined.


LaTeX Warning: Label `news:table' multiply defined.


LaTeX Warning: Label `news:table' multiply defined.


LaTeX Warning: Label `enter:image' multiply defined.

)
\openout1 = `main.aux'.

LaTeX Font Info:    Checking defaults for OML/cmm/m/it on input line 3.
LaTeX Font Info:    ... okay on input line 3.
LaTeX Font Info:    Checking defaults for OMS/cmsy/m/n on input line 3.
LaTeX Font Info:    ... okay on input line 3.
LaTeX Font Info:    Checking defaults for OT1/cmr/m/n on input line 3.
LaTeX Font Info:    ... okay on input line 3.
LaTeX Font Info:    Checking defaults for T1/cmr/m/n on input line 3.
LaTeX Font Info:    ... okay on input line 3.
LaTeX Font Info:    Checking defaults for TS1/cmr/m/n on input line 3.
LaTeX Font Info:    Trying to load font information for TS1+cmr on input line 3
.
 (C:\Program Files\MiKTeX\tex/latex/base\ts1cmr.fd
File: ts1cmr.fd 2022/07/10 v2.5l Standard LaTeX font definitions
)
LaTeX Font Info:    ... okay on input line 3.
LaTeX Font Info:    Checking defaults for TU/lmr/m/n on input line 3.
LaTeX Font Info:    ... okay on input line 3.
LaTeX Font Info:    Checking defaults for OMX/cmex/m/n on input line 3.
LaTeX Font Info:    ... okay on input line 3.
LaTeX Font Info:    Checking defaults for U/cmr/m/n on input line 3.
LaTeX Font Info:    ... okay on input line 3.
LaTeX Font Info:    Checking defaults for T2A/cmr/m/n on input line 3.
LaTeX Font Info:    ... okay on input line 3.
LaTeX Font Info:    Checking defaults for PD1/pdf/m/n on input line 3.
LaTeX Font Info:    ... okay on input line 3.
LaTeX Font Info:    Checking defaults for PU/pdf/m/n on input line 3.
LaTeX Font Info:    ... okay on input line 3.
LaTeX Info: Redefining \th on input line 3.

Package fontspec Info: Adjusting the maths setup (use [no-math] to avoid
(fontspec)             this).

\symlegacymaths=\mathgroup4
LaTeX Font Info:    Overwriting symbol font `legacymaths' in version `bold'
(Font)                  OT1/cmr/m/n --> OT1/cmr/bx/n on input line 3.
LaTeX Font Info:    Redeclaring math accent \acute on input line 3.
LaTeX Font Info:    Redeclaring math accent \grave on input line 3.
LaTeX Font Info:    Redeclaring math accent \ddot on input line 3.
LaTeX Font Info:    Redeclaring math accent \tilde on input line 3.
LaTeX Font Info:    Redeclaring math accent \bar on input line 3.
LaTeX Font Info:    Redeclaring math accent \breve on input line 3.
LaTeX Font Info:    Redeclaring math accent \check on input line 3.
LaTeX Font Info:    Redeclaring math accent \hat on input line 3.
LaTeX Font Info:    Redeclaring math accent \dot on input line 3.
LaTeX Font Info:    Redeclaring math accent \mathring on input line 3.
LaTeX Font Info:    Redeclaring math symbol \colon on input line 3.
LaTeX Font Info:    Redeclaring math symbol \Gamma on input line 3.
LaTeX Font Info:    Redeclaring math symbol \Delta on input line 3.
LaTeX Font Info:    Redeclaring math symbol \Theta on input line 3.
LaTeX Font Info:    Redeclaring math symbol \Lambda on input line 3.
LaTeX Font Info:    Redeclaring math symbol \Xi on input line 3.
LaTeX Font Info:    Redeclaring math symbol \Pi on input line 3.
LaTeX Font Info:    Redeclaring math symbol \Sigma on input line 3.
LaTeX Font Info:    Redeclaring math symbol \Upsilon on input line 3.
LaTeX Font Info:    Redeclaring math symbol \Phi on input line 3.
LaTeX Font Info:    Redeclaring math symbol \Psi on input line 3.
LaTeX Font Info:    Redeclaring math symbol \Omega on input line 3.
LaTeX Font Info:    Redeclaring math symbol \mathdollar on input line 3.
LaTeX Font Info:    Redeclaring symbol font `operators' on input line 3.
LaTeX Font Info:    Encoding `OT1' has changed to `TU' for symbol font
(Font)              `operators' in the math version `normal' on input line 3.
LaTeX Font Info:    Overwriting symbol font `operators' in version `normal'
(Font)                  OT1/cmr/m/n --> TU/TimesNewRoman(0)/m/n on input line 3
.
LaTeX Font Info:    Encoding `OT1' has changed to `TU' for symbol font
(Font)              `operators' in the math version `bold' on input line 3.
LaTeX Font Info:    Overwriting symbol font `operators' in version `bold'
(Font)                  OT1/cmr/bx/n --> TU/TimesNewRoman(0)/m/n on input line 
3.
LaTeX Font Info:    Overwriting symbol font `operators' in version `normal'
(Font)                  TU/TimesNewRoman(0)/m/n --> TU/TimesNewRoman(0)/m/n on 
input line 3.
LaTeX Font Info:    Overwriting math alphabet `\mathit' in version `normal'
(Font)                  OT1/cmr/m/it --> TU/TimesNewRoman(0)/m/it on input line
 3.
LaTeX Font Info:    Overwriting math alphabet `\mathbf' in version `normal'
(Font)                  OT1/cmr/bx/n --> TU/TimesNewRoman(0)/b/n on input line 
3.
LaTeX Font Info:    Overwriting math alphabet `\mathsf' in version `normal'
(Font)                  OT1/cmss/m/n --> TU/lmss/m/n on input line 3.
LaTeX Font Info:    Overwriting math alphabet `\mathtt' in version `normal'
(Font)                  OT1/cmtt/m/n --> TU/lmtt/m/n on input line 3.
LaTeX Font Info:    Overwriting symbol font `operators' in version `bold'
(Font)                  TU/TimesNewRoman(0)/m/n --> TU/TimesNewRoman(0)/b/n on 
input line 3.
LaTeX Font Info:    Overwriting math alphabet `\mathit' in version `bold'
(Font)                  OT1/cmr/bx/it --> TU/TimesNewRoman(0)/b/it on input lin
e 3.
LaTeX Font Info:    Overwriting math alphabet `\mathsf' in version `bold'
(Font)                  OT1/cmss/bx/n --> TU/lmss/b/n on input line 3.
LaTeX Font Info:    Overwriting math alphabet `\mathtt' in version `bold'
(Font)                  OT1/cmtt/m/n --> TU/lmtt/b/n on input line 3.

*geometry* driver: auto-detecting
*geometry* detected driver: xetex
*geometry* verbose mode - [ preamble ] result:
* driver: xetex
* paper: a4paper
* layout: <same size as paper>
* layoutoffset:(h,v)=(0.0pt,0.0pt)
* modes: 
* h-part:(L,W,R)=(85.35826pt, 469.47049pt, 42.67912pt)
* v-part:(T,H,B)=(56.9055pt, 731.23584pt, 56.9055pt)
* \paperwidth=597.50787pt
* \paperheight=845.04684pt
* \textwidth=469.47049pt
* \textheight=731.23584pt
* \oddsidemargin=13.08827pt
* \evensidemargin=13.08827pt
* \topmargin=-54.36449pt
* \headheight=14.0pt
* \headsep=25.0pt
* \topskip=14.0pt
* \footskip=30.0pt
* \marginparwidth=15.0pt
* \marginparsep=10.0pt
* \columnsep=10.0pt
* \skip\footins=12.0pt plus 4.0pt minus 2.0pt
* \hoffset=0.0pt
* \voffset=0.0pt
* \mag=1000
* \@twocolumnfalse
* \@twosidefalse
* \@mparswitchfalse
* \@reversemarginfalse
* (1in=72.27pt=25.4mm, 1cm=28.453pt)

Package hyperref Info: Link coloring OFF on input line 3.
(main.out) (main.out)
\@outlinefile=\write3
\openout3 = `main.out'.

Package caption Info: Begin \AtBeginDocument code.
Package caption Info: End \AtBeginDocument code.
 (ТитульныйЛистПрактика.tex
LaTeX Font Info:    External font `cmex10' loaded for size
(Font)              <14.4> on input line 16.
LaTeX Font Info:    External font `cmex10' loaded for size
(Font)              <7> on input line 16.
LaTeX Font Info:    External font `cmex10' loaded for size
(Font)              <5> on input line 22.
) (ТитульныйЛист.tex [1

]
Underfull \hbox (badness 10000) in paragraph at lines 30--30
[]|\TU/TimesNewRoman(0)/m/n/14.4 Группа
 []


Overfull \hbox (35.99995pt too wide) in paragraph at lines 27--33
[] 
 []

) (Реферат.tex [2] [3]) [4] (main.toc
Overfull \hbox (7.2pt too wide) detected at line 6
\TU/TimesNewRoman(0)/m/n/14.4 1 
 []


Overfull \hbox (18.0pt too wide) detected at line 7
\TU/TimesNewRoman(0)/m/n/14.4 1.1 
 []


Overfull \hbox (18.0pt too wide) detected at line 8
\TU/TimesNewRoman(0)/m/n/14.4 1.2 
 []


Overfull \hbox (18.0pt too wide) detected at line 9
\TU/TimesNewRoman(0)/m/n/14.4 1.3 
 []


Overfull \hbox (18.0pt too wide) detected at line 10
\TU/TimesNewRoman(0)/m/n/14.4 1.4 
 []


Overfull \hbox (18.0pt too wide) detected at line 11
\TU/TimesNewRoman(0)/m/n/14.4 1.5 
 []


Overfull \hbox (18.0pt too wide) detected at line 12
\TU/TimesNewRoman(0)/m/n/14.4 1.6 
 []


Overfull \hbox (18.0pt too wide) detected at line 13
\TU/TimesNewRoman(0)/m/n/14.4 1.7 
 []


Overfull \hbox (18.0pt too wide) detected at line 14
\TU/TimesNewRoman(0)/m/n/14.4 1.8 
 []


Overfull \hbox (18.0pt too wide) detected at line 15
\TU/TimesNewRoman(0)/m/n/14.4 1.9 
 []


Overfull \hbox (25.2pt too wide) detected at line 16
\TU/TimesNewRoman(0)/m/n/14.4 1.10 
 []


Overfull \hbox (7.2pt too wide) detected at line 17
\TU/TimesNewRoman(0)/m/n/14.4 2 
 []


Overfull \hbox (18.0pt too wide) detected at line 18
\TU/TimesNewRoman(0)/m/n/14.4 2.1 
 []


Overfull \hbox (18.0pt too wide) detected at line 19
\TU/TimesNewRoman(0)/m/n/14.4 2.2 
 []


Overfull \hbox (18.0pt too wide) detected at line 20
\TU/TimesNewRoman(0)/m/n/14.4 2.3 
 []


Overfull \hbox (18.0pt too wide) detected at line 21
\TU/TimesNewRoman(0)/m/n/14.4 2.4 
 []


Overfull \hbox (18.0pt too wide) detected at line 22
\TU/TimesNewRoman(0)/m/n/14.4 2.5 
 []


Overfull \hbox (18.0pt too wide) detected at line 23
\TU/TimesNewRoman(0)/m/n/14.4 2.6 
 []


Overfull \hbox (18.0pt too wide) detected at line 24
\TU/TimesNewRoman(0)/m/n/14.4 2.7 
 []


Overfull \hbox (18.0pt too wide) detected at line 25
\TU/TimesNewRoman(0)/m/n/14.4 2.8 
 []


Overfull \hbox (7.2pt too wide) detected at line 26
\TU/TimesNewRoman(0)/m/n/14.4 3 
 []


Overfull \hbox (18.0pt too wide) detected at line 27
\TU/TimesNewRoman(0)/m/n/14.4 3.1 
 []


Overfull \hbox (18.0pt too wide) detected at line 28
\TU/TimesNewRoman(0)/m/n/14.4 3.2 
 []


Overfull \hbox (28.79999pt too wide) detected at line 29
\TU/TimesNewRoman(0)/m/n/14.4 3.2.1 
 []


Overfull \hbox (28.79999pt too wide) detected at line 30
\TU/TimesNewRoman(0)/m/n/14.4 3.2.2 
 []


Overfull \hbox (28.79999pt too wide) detected at line 31
\TU/TimesNewRoman(0)/m/n/14.4 3.2.3 
 []


Overfull \hbox (28.79999pt too wide) detected at line 32
\TU/TimesNewRoman(0)/m/n/14.4 3.2.4 
 []


Overfull \hbox (28.79999pt too wide) detected at line 33
\TU/TimesNewRoman(0)/m/n/14.4 3.2.5 
 []

[5]
Overfull \hbox (28.79999pt too wide) detected at line 34
\TU/TimesNewRoman(0)/m/n/14.4 3.2.6 
 []


Overfull \hbox (18.0pt too wide) detected at line 35
\TU/TimesNewRoman(0)/m/n/14.4 3.3 
 []


Overfull \hbox (18.0pt too wide) detected at line 36
\TU/TimesNewRoman(0)/m/n/14.4 3.4 
 []


Overfull \hbox (18.0pt too wide) detected at line 37
\TU/TimesNewRoman(0)/m/n/14.4 3.5 
 []


Overfull \hbox (18.0pt too wide) detected at line 38
\TU/TimesNewRoman(0)/m/n/14.4 3.6 
 []


Overfull \hbox (18.0pt too wide) detected at line 39
\TU/TimesNewRoman(0)/m/n/14.4 3.7 
 []


Overfull \hbox (18.0pt too wide) detected at line 40
\TU/TimesNewRoman(0)/m/n/14.4 3.8 
 []


Overfull \hbox (18.0pt too wide) detected at line 41
\TU/TimesNewRoman(0)/m/n/14.4 3.9 
 []


Overfull \hbox (25.2pt too wide) detected at line 42
\TU/TimesNewRoman(0)/m/n/14.4 3.10 
 []


Overfull \hbox (24.66562pt too wide) detected at line 43
\TU/TimesNewRoman(0)/m/n/14.4 3.11 
 []


Overfull \hbox (25.2pt too wide) detected at line 44
\TU/TimesNewRoman(0)/m/n/14.4 3.12 
 []


Overfull \hbox (25.2pt too wide) detected at line 45
\TU/TimesNewRoman(0)/m/n/14.4 3.13 
 []


Overfull \hbox (7.2pt too wide) detected at line 46
\TU/TimesNewRoman(0)/m/n/14.4 4 
 []


Overfull \hbox (18.0pt too wide) detected at line 47
\TU/TimesNewRoman(0)/m/n/14.4 4.1 
 []


Overfull \hbox (18.0pt too wide) detected at line 48
\TU/TimesNewRoman(0)/m/n/14.4 4.2 
 []

)
\tf@toc=\write4
\openout4 = `main.toc'.

 (Обозначения.tex [6]) (Введение.tex [7] [8]) (Анализ.tex [9] [10

] [11]
[12] [13] [14] [15] [16]) (ТехЗадание.tex [17]
Underfull \hbox (badness 1184) in paragraph at lines 11--13
[]\TU/TimesNewRoman(0)/m/n/14.4 Определите удобный и удобный дизайн: веб-сайт П
ользователям
 []

[18

]
Underfull \hbox (badness 1226) in paragraph at lines 46--47
\TU/TimesNewRoman(0)/m/n/14.4 предпочтение сайтам, которые обеспечивают хороший
 пользовательский
 []

[19]
File: images/Img 1.png Graphic file (type bmp)
<images/Img 1.png>
 [20]
Underfull \hbox (badness 1221) in paragraph at lines 82--83
[]\TU/TimesNewRoman(0)/m/n/14.4 Чтобы веб-приложение было полностью функциональ
ным, должна
 []

[21] [22] [23]
Underfull \hbox (badness 1184) in paragraph at lines 130--132
[]\TU/TimesNewRoman(0)/m/n/14.4 Определите удобный и удобный дизайн: веб-сайт П
ользователям
 []

) (ТехПроект.tex [24] [25

] [26] [27] [28]
Underfull \hbox (badness 2617) in paragraph at lines 71--72
[]\TU/TimesNewRoman(0)/m/n/14.4 CSS предназначен для разделения содержимого и п
редставления,
 []

[29] [30] [31] [32] [33]
Underfull \hbox (badness 2158) in paragraph at lines 132--133
[]\TU/TimesNewRoman(0)/m/n/14.4 Способствует творчеству: использование CSS для 
создания веб-
 []

[34]
Underfull \hbox (badness 10000) in paragraph at lines 150--151
[]\TU/TimesNewRoman(0)/m/n/14.4 Существуют также различные типы программного об
еспечения
 []


Underfull \hbox (badness 1762) in paragraph at lines 150--151
\TU/TimesNewRoman(0)/m/n/14.4 RDBMS (системы управления базами данных). Тем не 
менее, MySQL,
 []

[35]
Underfull \hbox (badness 1748) in paragraph at lines 166--167
[]\TU/TimesNewRoman(0)/m/n/14.4 HTML структурирует содержимое веб-сайта. Его аб
бревиатура на
 []

[36]
Underfull \hbox (badness 1137) in paragraph at lines 174--175
[]\TU/TimesNewRoman(0)/m/n/14.4 По сути, если контент важнее всего, CSS занимае
т второе место.
 []

[37] [38] [39]
Underfull \hbox (badness 1292) in paragraph at lines 236--237
\TU/TimesNewRoman(0)/m/n/14.4 узер. Если вы хотите стандартизировать представле
ние элементов меж-
 []


Underfull \hbox (badness 1337) in paragraph at lines 236--237
\TU/TimesNewRoman(0)/m/n/14.4 ду браузерами, но без устранения их отличительных
 характеристик, то
 []


Underfull \hbox (badness 5592) in paragraph at lines 249--250
[]\TU/TimesNewRoman(0)/m/n/14.4 Компонентная диаграмма описывает характеристики
 физического
 []

[40]
File: images/Img 2.png Graphic file (type bmp)
<images/Img 2.png>
 [41]
File: images/Img 3.png Graphic file (type bmp)
<images/Img 3.png>
 [42]

LaTeX Warning: Reference `place:image' on page 43 undefined on input line 267.

[43]
Underfull \hbox (badness 1320) in paragraph at lines 286--289
[]\TU/TimesNewRoman(0)/m/n/14.4 используя график таблицы могут просто и наглядн
о представлять
 []

File: images/Img 9.png Graphic file (type bmp)
<images/Img 9.png>
[44] [45] [46] [47]) (РабочийПроект.tex [48]
Underfull \hbox (badness 10000) in paragraph at lines 16--16
[]|\TU/TimesNewRoman(0)/m/n/14.4 Главный
 []


Underfull \hbox (badness 10000) in paragraph at lines 16--16
[]|\TU/TimesNewRoman(0)/m/n/14.4 основной
 []


Underfull \hbox (badness 10000) in paragraph at lines 16--16
\TU/TimesNewRoman(0)/m/n/14.4 класс стра-
 []


Underfull \hbox (badness 10000) in paragraph at lines 16--16
\TU/TimesNewRoman(0)/m/n/14.4 ницы веб-
 []


Underfull \hbox (badness 10000) in paragraph at lines 16--16
\TU/TimesNewRoman(0)/m/n/14.4 приложения.
 []


Underfull \hbox (badness 10000) in paragraph at lines 16--16
\TU/TimesNewRoman(0)/m/n/14.4 После одно-
 []


Underfull \hbox (badness 10000) in paragraph at lines 16--16
\TU/TimesNewRoman(0)/m/n/14.4 го из этапов
 []


Underfull \hbox (badness 4621) in paragraph at lines 16--16
\TU/TimesNewRoman(0)/m/n/14.4 загрузки стра-
 []


Underfull \hbox (badness 10000) in paragraph at lines 16--16
\TU/TimesNewRoman(0)/m/n/14.4 ницы скрипт
 []


Underfull \hbox (badness 10000) in paragraph at lines 16--16
\TU/TimesNewRoman(0)/m/n/14.4 ным иници-
 []


Underfull \hbox (badness 10000) in paragraph at lines 16--16
\TU/TimesNewRoman(0)/m/n/14.4 ализирован-
 []


Underfull \hbox (badness 10000) in paragraph at lines 16--16
\TU/TimesNewRoman(0)/m/n/14.4 ный системой
 []


Overfull \hbox (6.11125pt too wide) in paragraph at lines 16--16
\TU/TimesNewRoman(0)/m/n/14.4 $APPLICATION| 
 []


Underfull \hbox (badness 10000) in paragraph at lines 16--18
[]|\TU/TimesNewRoman(0)/m/n/14.4 string query = ”INSERT
 []


Underfull \hbox (badness 10000) in paragraph at lines 16--18
\TU/TimesNewRoman(0)/m/n/14.4 INTO Usuarios (Nombre,
 []


Underfull \hbox (badness 7814) in paragraph at lines 16--18
\TU/TimesNewRoman(0)/m/n/14.4 Apellido, Email) VALUES
 []


Underfull \hbox (badness 10000) in paragraph at lines 16--18
\TU/TimesNewRoman(0)/m/n/14.4 (@Nombre, @Apellido,
 []


Underfull \hbox (badness 10000) in paragraph at lines 16--18
\TU/TimesNewRoman(0)/m/n/14.4 @Email)”; SqlCommand
 []


Underfull \hbox (badness 10000) in paragraph at lines 16--18
\TU/TimesNewRoman(0)/m/n/14.4 command = new
 []


Underfull \hbox (badness 10000) in paragraph at lines 16--18
\TU/TimesNewRoman(0)/m/n/14.4 SqlCommand(query,
 []


Underfull \hbox (badness 10000) in paragraph at lines 19--28
[]\TU/TimesNewRoman(0)/m/n/14.4 command.Parameters
 []


Underfull \hbox (badness 10000) in paragraph at lines 19--28
\TU/TimesNewRoman(0)/m/n/14.4 .AddWithValue
 []


Underfull \hbox (badness 10000) in paragraph at lines 19--28
\TU/TimesNewRoman(0)/m/n/14.4 (”@Nombre nombre);
 []


Underfull \hbox (badness 10000) in paragraph at lines 19--28
\TU/TimesNewRoman(0)/m/n/14.4 command.Parameters
 []


Underfull \hbox (badness 10000) in paragraph at lines 19--28
\TU/TimesNewRoman(0)/m/n/14.4 .AddWithValue
 []


Underfull \hbox (badness 10000) in paragraph at lines 19--28
\TU/TimesNewRoman(0)/m/n/14.4 (”@Apellido apellido);
 []


Underfull \hbox (badness 10000) in paragraph at lines 19--28
\TU/TimesNewRoman(0)/m/n/14.4 command.Parameters
 []


Underfull \hbox (badness 10000) in paragraph at lines 19--28
\TU/TimesNewRoman(0)/m/n/14.4 .AddWithValue
 []


Underfull \hbox (badness 10000) in paragraph at lines 28--28
[]|\TU/TimesNewRoman(0)/m/n/14.4 Главный
 []


Underfull \hbox (badness 10000) in paragraph at lines 28--28
[]|\TU/TimesNewRoman(0)/m/n/14.4 File – Класс
 []


Underfull \hbox (badness 10000) in paragraph at lines 28--28
\TU/TimesNewRoman(0)/m/n/14.4 для работы
 []


Underfull \hbox (badness 10000) in paragraph at lines 28--28
\TU/TimesNewRoman(0)/m/n/14.4 с файлами и
 []


Underfull \hbox (badness 10000) in paragraph at lines 28--28
\TU/TimesNewRoman(0)/m/n/14.4 изображения-
 []


Underfull \hbox (badness 1038) in paragraph at lines 28--29
[]|\TU/TimesNewRoman(0)/m/n/14.4 Метод возвращает массив,
 []

[49

]
File: images/Img 4.png Graphic file (type bmp)
<images/Img 4.png>
File: images/Img 5.png Graphic file (type bmp)
<images/Img 5.png>
 [50]
File: images/Img 9.png Graphic file (type bmp)
<images/Img 9.png>
 [51]
File: images/Img 7.png Graphic file (type bmp)
<images/Img 7.png>
 [52]
File: images/Img 8.png Graphic file (type bmp)
<images/Img 8.png>
) (Заключение.tex [53]) (СписокИсточников.tex [54]
Underfull \hbox (badness 1264) in paragraph at lines 10--11
[]\TU/TimesNewRoman(0)/m/n/14.4 Zykov, S. V. Programming. Object-oriented appro
ach: textbook and
 []


Underfull \hbox (badness 5726) in paragraph at lines 12--13
[]\TU/TimesNewRoman(0)/m/n/14.4 Бином. Лаборатория знаний - М., 2005. - 472 c. 
– Текст :
 []


Underfull \hbox (badness 2035) in paragraph at lines 13--14
\TU/TimesNewRoman(0)/m/n/14.4 and additional - M. : Yurayt Publishing House, 20
19. - 128 p.– Текст :
 []


Underfull \hbox (badness 10000) in paragraph at lines 14--15
[]\TU/TimesNewRoman(0)/m/n/14.4 Васильев Алексей C#. Объектно-ориентированное
 []

) [55

] (main.aux)

LaTeX Font Warning: Some font shapes were not available, defaults substituted.


LaTeX Warning: There were undefined references.


LaTeX Warning: There were multiply-defined labels.

Package rerunfilecheck Info: File `main.out' has not changed.
(rerunfilecheck)             Checksum: A170E48F32D923FB7B184576B68155C3;13741.
 ) 
Here is how much of TeX's memory you used:
 16064 strings out of 411547
 311740 string characters out of 5823714
 1865476 words of memory out of 5000000
 36002 multiletter control sequences out of 15000+600000
 514542 words of font info for 59 fonts, out of 8000000 for 9000
 1348 hyphenation exceptions out of 8191
 77i,11n,88p,810b,502s stack positions out of 10000i,1000n,20000p,200000b,200000s

Output written on main.pdf (55 pages).
